2017-10-17 15:20:25 1608 [main] ERROR o.s.boot.SpringApplication - Application startup failed
java.lang.IllegalArgumentException: Circular placeholder reference 'server.port' in property definitions
	at org.springframework.util.PropertyPlaceholderHelper.parseStringValue(PropertyPlaceholderHelper.java:141)
	at org.springframework.util.PropertyPlaceholderHelper.parseStringValue(PropertyPlaceholderHelper.java:162)
	at org.springframework.util.PropertyPlaceholderHelper.parseStringValue(PropertyPlaceholderHelper.java:162)
	at org.springframework.util.PropertyPlaceholderHelper.parseStringValue(PropertyPlaceholderHelper.java:145)
	at org.springframework.util.PropertyPlaceholderHelper.parseStringValue(PropertyPlaceholderHelper.java:145)
	at org.springframework.util.PropertyPlaceholderHelper.replacePlaceholders(PropertyPlaceholderHelper.java:126)
	at org.springframework.core.env.AbstractPropertyResolver.doResolvePlaceholders(AbstractPropertyResolver.java:219)
	at org.springframework.core.env.AbstractPropertyResolver.resolvePlaceholders(AbstractPropertyResolver.java:185)
	at org.springframework.core.env.AbstractEnvironment.resolvePlaceholders(AbstractEnvironment.java:566)
	at org.springframework.boot.context.ContextIdApplicationContextInitializer.getApplicationId(ContextIdApplicationContextInitializer.java:110)
	at org.springframework.boot.context.ContextIdApplicationContextInitializer.initialize(ContextIdApplicationContextInitializer.java:105)
	at org.springframework.boot.SpringApplication.applyInitializers(SpringApplication.java:635)
	at org.springframework.boot.SpringApplication.prepareContext(SpringApplication.java:349)
	at org.springframework.boot.SpringApplication.run(SpringApplication.java:313)
	at org.springframework.boot.SpringApplication.run(SpringApplication.java:1186)
	at org.springframework.boot.SpringApplication.run(SpringApplication.java:1175)
	at advance.Application.main(Application.java:15)
	at sun.reflect.NativeMethodAccessorImpl.invoke0(Native Method)
	at sun.reflect.NativeMethodAccessorImpl.invoke(NativeMethodAccessorImpl.java:62)
	at sun.reflect.DelegatingMethodAccessorImpl.invoke(DelegatingMethodAccessorImpl.java:43)
	at java.lang.reflect.Method.invoke(Method.java:498)
	at com.intellij.rt.execution.application.AppMain.main(AppMain.java:147)
2017-10-17 15:35:14 1788 [main] ERROR o.s.boot.SpringApplication - Application startup failed
java.lang.IllegalArgumentException: Circular placeholder reference 'server.port' in property definitions
	at org.springframework.util.PropertyPlaceholderHelper.parseStringValue(PropertyPlaceholderHelper.java:141)
	at org.springframework.util.PropertyPlaceholderHelper.parseStringValue(PropertyPlaceholderHelper.java:162)
	at org.springframework.util.PropertyPlaceholderHelper.parseStringValue(PropertyPlaceholderHelper.java:162)
	at org.springframework.util.PropertyPlaceholderHelper.parseStringValue(PropertyPlaceholderHelper.java:145)
	at org.springframework.util.PropertyPlaceholderHelper.parseStringValue(PropertyPlaceholderHelper.java:145)
	at org.springframework.util.PropertyPlaceholderHelper.replacePlaceholders(PropertyPlaceholderHelper.java:126)
	at org.springframework.core.env.AbstractPropertyResolver.doResolvePlaceholders(AbstractPropertyResolver.java:219)
	at org.springframework.core.env.AbstractPropertyResolver.resolvePlaceholders(AbstractPropertyResolver.java:185)
	at org.springframework.core.env.AbstractEnvironment.resolvePlaceholders(AbstractEnvironment.java:566)
	at org.springframework.boot.context.ContextIdApplicationContextInitializer.getApplicationId(ContextIdApplicationContextInitializer.java:110)
	at org.springframework.boot.context.ContextIdApplicationContextInitializer.initialize(ContextIdApplicationContextInitializer.java:105)
	at org.springframework.boot.SpringApplication.applyInitializers(SpringApplication.java:635)
	at org.springframework.boot.SpringApplication.prepareContext(SpringApplication.java:349)
	at org.springframework.boot.SpringApplication.run(SpringApplication.java:313)
	at org.springframework.boot.SpringApplication.run(SpringApplication.java:1186)
	at org.springframework.boot.SpringApplication.run(SpringApplication.java:1175)
	at advance.Application.main(Application.java:15)
2017-10-17 15:40:08 2092 [main] ERROR o.s.boot.SpringApplication - Application startup failed
java.lang.IllegalArgumentException: Circular placeholder reference 'server.port' in property definitions
	at org.springframework.util.PropertyPlaceholderHelper.parseStringValue(PropertyPlaceholderHelper.java:141)
	at org.springframework.util.PropertyPlaceholderHelper.parseStringValue(PropertyPlaceholderHelper.java:162)
	at org.springframework.util.PropertyPlaceholderHelper.parseStringValue(PropertyPlaceholderHelper.java:162)
	at org.springframework.util.PropertyPlaceholderHelper.parseStringValue(PropertyPlaceholderHelper.java:145)
	at org.springframework.util.PropertyPlaceholderHelper.parseStringValue(PropertyPlaceholderHelper.java:145)
	at org.springframework.util.PropertyPlaceholderHelper.replacePlaceholders(PropertyPlaceholderHelper.java:126)
	at org.springframework.core.env.AbstractPropertyResolver.doResolvePlaceholders(AbstractPropertyResolver.java:219)
	at org.springframework.core.env.AbstractPropertyResolver.resolvePlaceholders(AbstractPropertyResolver.java:185)
	at org.springframework.core.env.AbstractEnvironment.resolvePlaceholders(AbstractEnvironment.java:566)
	at org.springframework.boot.context.ContextIdApplicationContextInitializer.getApplicationId(ContextIdApplicationContextInitializer.java:110)
	at org.springframework.boot.context.ContextIdApplicationContextInitializer.initialize(ContextIdApplicationContextInitializer.java:105)
	at org.springframework.boot.SpringApplication.applyInitializers(SpringApplication.java:635)
	at org.springframework.boot.SpringApplication.prepareContext(SpringApplication.java:349)
	at org.springframework.boot.SpringApplication.run(SpringApplication.java:313)
	at org.springframework.boot.SpringApplication.run(SpringApplication.java:1186)
	at org.springframework.boot.SpringApplication.run(SpringApplication.java:1175)
	at advance.Application.main(Application.java:15)
2017-10-17 15:50:44 1918 [main] ERROR o.s.boot.SpringApplication - Application startup failed
java.lang.IllegalArgumentException: Circular placeholder reference 'server.port' in property definitions
	at org.springframework.util.PropertyPlaceholderHelper.parseStringValue(PropertyPlaceholderHelper.java:141)
	at org.springframework.util.PropertyPlaceholderHelper.parseStringValue(PropertyPlaceholderHelper.java:162)
	at org.springframework.util.PropertyPlaceholderHelper.parseStringValue(PropertyPlaceholderHelper.java:162)
	at org.springframework.util.PropertyPlaceholderHelper.parseStringValue(PropertyPlaceholderHelper.java:145)
	at org.springframework.util.PropertyPlaceholderHelper.parseStringValue(PropertyPlaceholderHelper.java:145)
	at org.springframework.util.PropertyPlaceholderHelper.replacePlaceholders(PropertyPlaceholderHelper.java:126)
	at org.springframework.core.env.AbstractPropertyResolver.doResolvePlaceholders(AbstractPropertyResolver.java:219)
	at org.springframework.core.env.AbstractPropertyResolver.resolvePlaceholders(AbstractPropertyResolver.java:185)
	at org.springframework.core.env.AbstractEnvironment.resolvePlaceholders(AbstractEnvironment.java:566)
	at org.springframework.boot.context.ContextIdApplicationContextInitializer.getApplicationId(ContextIdApplicationContextInitializer.java:110)
	at org.springframework.boot.context.ContextIdApplicationContextInitializer.initialize(ContextIdApplicationContextInitializer.java:105)
	at org.springframework.boot.SpringApplication.applyInitializers(SpringApplication.java:635)
	at org.springframework.boot.SpringApplication.prepareContext(SpringApplication.java:349)
	at org.springframework.boot.SpringApplication.run(SpringApplication.java:313)
	at org.springframework.boot.SpringApplication.run(SpringApplication.java:1186)
	at org.springframework.boot.SpringApplication.run(SpringApplication.java:1175)
	at advance.Application.main(Application.java:15)
2017-10-17 16:16:51 3831 [main] ERROR o.s.boot.SpringApplication - Application startup failed
java.lang.IllegalStateException: Error processing condition on org.springframework.boot.actuate.autoconfigure.EndpointWebMvcAutoConfiguration$EndpointWebMvcConfiguration
	at org.springframework.boot.autoconfigure.condition.SpringBootCondition.matches(SpringBootCondition.java:64)
	at org.springframework.context.annotation.ConditionEvaluator.shouldSkip(ConditionEvaluator.java:102)
	at org.springframework.context.annotation.ConfigurationClassBeanDefinitionReader$TrackedConditionEvaluator.shouldSkip(ConfigurationClassBeanDefinitionReader.java:436)
	at org.springframework.context.annotation.ConfigurationClassBeanDefinitionReader$TrackedConditionEvaluator.shouldSkip(ConfigurationClassBeanDefinitionReader.java:425)
	at org.springframework.context.annotation.ConfigurationClassBeanDefinitionReader.loadBeanDefinitionsForConfigurationClass(ConfigurationClassBeanDefinitionReader.java:127)
	at org.springframework.context.annotation.ConfigurationClassBeanDefinitionReader.loadBeanDefinitions(ConfigurationClassBeanDefinitionReader.java:116)
	at org.springframework.context.annotation.ConfigurationClassPostProcessor.processConfigBeanDefinitions(ConfigurationClassPostProcessor.java:336)
	at org.springframework.context.annotation.ConfigurationClassPostProcessor.postProcessBeanDefinitionRegistry(ConfigurationClassPostProcessor.java:246)
	at org.springframework.context.support.PostProcessorRegistrationDelegate.invokeBeanDefinitionRegistryPostProcessors(PostProcessorRegistrationDelegate.java:273)
	at org.springframework.context.support.PostProcessorRegistrationDelegate.invokeBeanFactoryPostProcessors(PostProcessorRegistrationDelegate.java:98)
	at org.springframework.context.support.AbstractApplicationContext.invokeBeanFactoryPostProcessors(AbstractApplicationContext.java:681)
	at org.springframework.context.support.AbstractApplicationContext.refresh(AbstractApplicationContext.java:523)
	at org.springframework.boot.context.embedded.EmbeddedWebApplicationContext.refresh(EmbeddedWebApplicationContext.java:122)
	at org.springframework.boot.SpringApplication.refresh(SpringApplication.java:761)
	at org.springframework.boot.SpringApplication.refreshContext(SpringApplication.java:371)
	at org.springframework.boot.SpringApplication.run(SpringApplication.java:315)
	at org.springframework.boot.SpringApplication.run(SpringApplication.java:1186)
	at org.springframework.boot.SpringApplication.run(SpringApplication.java:1175)
	at advance.Application.main(Application.java:19)
Caused by: org.springframework.core.convert.ConversionFailedException: Failed to convert from type [java.lang.String] to type [java.lang.Integer] for value '@server.port@'; nested exception is java.lang.NumberFormatException: For input string: "@server.port@"
	at org.springframework.core.convert.support.ConversionUtils.invokeConverter(ConversionUtils.java:42)
	at org.springframework.core.convert.support.GenericConversionService.convert(GenericConversionService.java:192)
	at org.springframework.core.convert.support.GenericConversionService.convert(GenericConversionService.java:176)
	at org.springframework.core.env.PropertySourcesPropertyResolver.getProperty(PropertySourcesPropertyResolver.java:86)
	at org.springframework.core.env.PropertySourcesPropertyResolver.getProperty(PropertySourcesPropertyResolver.java:66)
	at org.springframework.core.env.AbstractEnvironment.getProperty(AbstractEnvironment.java:540)
	at org.springframework.boot.bind.RelaxedPropertyResolver.getProperty(RelaxedPropertyResolver.java:82)
	at org.springframework.boot.bind.RelaxedPropertyResolver.getProperty(RelaxedPropertyResolver.java:72)
	at org.springframework.boot.actuate.autoconfigure.EndpointWebMvcAutoConfiguration$ManagementServerPort.getPortProperty(EndpointWebMvcAutoConfiguration.java:408)
	at org.springframework.boot.actuate.autoconfigure.EndpointWebMvcAutoConfiguration$ManagementServerPort.get(EndpointWebMvcAutoConfiguration.java:360)
	at org.springframework.boot.actuate.autoconfigure.EndpointWebMvcAutoConfiguration$OnManagementMvcCondition.getMatchOutcome(EndpointWebMvcAutoConfiguration.java:344)
	at org.springframework.boot.autoconfigure.condition.SpringBootCondition.matches(SpringBootCondition.java:47)
	... 18 common frames omitted
Caused by: java.lang.NumberFormatException: For input string: "@server.port@"
	at java.lang.NumberFormatException.forInputString(NumberFormatException.java:65)
	at java.lang.Integer.parseInt(Integer.java:580)
	at java.lang.Integer.valueOf(Integer.java:766)
	at org.springframework.util.NumberUtils.parseNumber(NumberUtils.java:208)
	at org.springframework.core.convert.support.StringToNumberConverterFactory$StringToNumber.convert(StringToNumberConverterFactory.java:62)
	at org.springframework.core.convert.support.StringToNumberConverterFactory$StringToNumber.convert(StringToNumberConverterFactory.java:49)
	at org.springframework.core.convert.support.GenericConversionService$ConverterFactoryAdapter.convert(GenericConversionService.java:425)
	at org.springframework.core.convert.support.ConversionUtils.invokeConverter(ConversionUtils.java:36)
	... 29 common frames omitted
2017-10-17 17:10:36 3654 [main] ERROR o.s.boot.SpringApplication - Application startup failed
java.lang.IllegalStateException: Error processing condition on org.springframework.boot.actuate.autoconfigure.EndpointWebMvcAutoConfiguration$EndpointWebMvcConfiguration
	at org.springframework.boot.autoconfigure.condition.SpringBootCondition.matches(SpringBootCondition.java:64)
	at org.springframework.context.annotation.ConditionEvaluator.shouldSkip(ConditionEvaluator.java:102)
	at org.springframework.context.annotation.ConfigurationClassBeanDefinitionReader$TrackedConditionEvaluator.shouldSkip(ConfigurationClassBeanDefinitionReader.java:436)
	at org.springframework.context.annotation.ConfigurationClassBeanDefinitionReader$TrackedConditionEvaluator.shouldSkip(ConfigurationClassBeanDefinitionReader.java:425)
	at org.springframework.context.annotation.ConfigurationClassBeanDefinitionReader.loadBeanDefinitionsForConfigurationClass(ConfigurationClassBeanDefinitionReader.java:127)
	at org.springframework.context.annotation.ConfigurationClassBeanDefinitionReader.loadBeanDefinitions(ConfigurationClassBeanDefinitionReader.java:116)
	at org.springframework.context.annotation.ConfigurationClassPostProcessor.processConfigBeanDefinitions(ConfigurationClassPostProcessor.java:336)
	at org.springframework.context.annotation.ConfigurationClassPostProcessor.postProcessBeanDefinitionRegistry(ConfigurationClassPostProcessor.java:246)
	at org.springframework.context.support.PostProcessorRegistrationDelegate.invokeBeanDefinitionRegistryPostProcessors(PostProcessorRegistrationDelegate.java:273)
	at org.springframework.context.support.PostProcessorRegistrationDelegate.invokeBeanFactoryPostProcessors(PostProcessorRegistrationDelegate.java:98)
	at org.springframework.context.support.AbstractApplicationContext.invokeBeanFactoryPostProcessors(AbstractApplicationContext.java:681)
	at org.springframework.context.support.AbstractApplicationContext.refresh(AbstractApplicationContext.java:523)
	at org.springframework.boot.context.embedded.EmbeddedWebApplicationContext.refresh(EmbeddedWebApplicationContext.java:122)
	at org.springframework.boot.SpringApplication.refresh(SpringApplication.java:761)
	at org.springframework.boot.SpringApplication.refreshContext(SpringApplication.java:371)
	at org.springframework.boot.SpringApplication.run(SpringApplication.java:315)
	at org.springframework.boot.SpringApplication.run(SpringApplication.java:1186)
	at org.springframework.boot.SpringApplication.run(SpringApplication.java:1175)
	at advance.Application.main(Application.java:19)
Caused by: org.springframework.core.convert.ConversionFailedException: Failed to convert from type [java.lang.String] to type [java.lang.Integer] for value '@server.port@'; nested exception is java.lang.NumberFormatException: For input string: "@server.port@"
	at org.springframework.core.convert.support.ConversionUtils.invokeConverter(ConversionUtils.java:42)
	at org.springframework.core.convert.support.GenericConversionService.convert(GenericConversionService.java:192)
	at org.springframework.core.convert.support.GenericConversionService.convert(GenericConversionService.java:176)
	at org.springframework.core.env.PropertySourcesPropertyResolver.getProperty(PropertySourcesPropertyResolver.java:86)
	at org.springframework.core.env.PropertySourcesPropertyResolver.getProperty(PropertySourcesPropertyResolver.java:66)
	at org.springframework.core.env.AbstractEnvironment.getProperty(AbstractEnvironment.java:540)
	at org.springframework.boot.bind.RelaxedPropertyResolver.getProperty(RelaxedPropertyResolver.java:82)
	at org.springframework.boot.bind.RelaxedPropertyResolver.getProperty(RelaxedPropertyResolver.java:72)
	at org.springframework.boot.actuate.autoconfigure.EndpointWebMvcAutoConfiguration$ManagementServerPort.getPortProperty(EndpointWebMvcAutoConfiguration.java:408)
	at org.springframework.boot.actuate.autoconfigure.EndpointWebMvcAutoConfiguration$ManagementServerPort.get(EndpointWebMvcAutoConfiguration.java:360)
	at org.springframework.boot.actuate.autoconfigure.EndpointWebMvcAutoConfiguration$OnManagementMvcCondition.getMatchOutcome(EndpointWebMvcAutoConfiguration.java:344)
	at org.springframework.boot.autoconfigure.condition.SpringBootCondition.matches(SpringBootCondition.java:47)
	... 18 common frames omitted
Caused by: java.lang.NumberFormatException: For input string: "@server.port@"
	at java.lang.NumberFormatException.forInputString(NumberFormatException.java:65)
	at java.lang.Integer.parseInt(Integer.java:580)
	at java.lang.Integer.valueOf(Integer.java:766)
	at org.springframework.util.NumberUtils.parseNumber(NumberUtils.java:208)
	at org.springframework.core.convert.support.StringToNumberConverterFactory$StringToNumber.convert(StringToNumberConverterFactory.java:62)
	at org.springframework.core.convert.support.StringToNumberConverterFactory$StringToNumber.convert(StringToNumberConverterFactory.java:49)
	at org.springframework.core.convert.support.GenericConversionService$ConverterFactoryAdapter.convert(GenericConversionService.java:425)
	at org.springframework.core.convert.support.ConversionUtils.invokeConverter(ConversionUtils.java:36)
	... 29 common frames omitted
2017-10-17 17:32:05 4432 [main] ERROR o.s.boot.SpringApplication - Application startup failed
java.lang.IllegalStateException: Error processing condition on org.springframework.boot.actuate.autoconfigure.EndpointWebMvcAutoConfiguration$EndpointWebMvcConfiguration
	at org.springframework.boot.autoconfigure.condition.SpringBootCondition.matches(SpringBootCondition.java:64)
	at org.springframework.context.annotation.ConditionEvaluator.shouldSkip(ConditionEvaluator.java:102)
	at org.springframework.context.annotation.ConfigurationClassBeanDefinitionReader$TrackedConditionEvaluator.shouldSkip(ConfigurationClassBeanDefinitionReader.java:436)
	at org.springframework.context.annotation.ConfigurationClassBeanDefinitionReader$TrackedConditionEvaluator.shouldSkip(ConfigurationClassBeanDefinitionReader.java:425)
	at org.springframework.context.annotation.ConfigurationClassBeanDefinitionReader.loadBeanDefinitionsForConfigurationClass(ConfigurationClassBeanDefinitionReader.java:127)
	at org.springframework.context.annotation.ConfigurationClassBeanDefinitionReader.loadBeanDefinitions(ConfigurationClassBeanDefinitionReader.java:116)
	at org.springframework.context.annotation.ConfigurationClassPostProcessor.processConfigBeanDefinitions(ConfigurationClassPostProcessor.java:336)
	at org.springframework.context.annotation.ConfigurationClassPostProcessor.postProcessBeanDefinitionRegistry(ConfigurationClassPostProcessor.java:246)
	at org.springframework.context.support.PostProcessorRegistrationDelegate.invokeBeanDefinitionRegistryPostProcessors(PostProcessorRegistrationDelegate.java:273)
	at org.springframework.context.support.PostProcessorRegistrationDelegate.invokeBeanFactoryPostProcessors(PostProcessorRegistrationDelegate.java:98)
	at org.springframework.context.support.AbstractApplicationContext.invokeBeanFactoryPostProcessors(AbstractApplicationContext.java:681)
	at org.springframework.context.support.AbstractApplicationContext.refresh(AbstractApplicationContext.java:523)
	at org.springframework.boot.context.embedded.EmbeddedWebApplicationContext.refresh(EmbeddedWebApplicationContext.java:122)
	at org.springframework.boot.SpringApplication.refresh(SpringApplication.java:761)
	at org.springframework.boot.SpringApplication.refreshContext(SpringApplication.java:371)
	at org.springframework.boot.SpringApplication.run(SpringApplication.java:315)
	at org.springframework.boot.SpringApplication.run(SpringApplication.java:1186)
	at org.springframework.boot.SpringApplication.run(SpringApplication.java:1175)
	at advance.Application.main(Application.java:19)
Caused by: org.springframework.core.convert.ConversionFailedException: Failed to convert from type [java.lang.String] to type [java.lang.Integer] for value '@server.port@'; nested exception is java.lang.NumberFormatException: For input string: "@server.port@"
	at org.springframework.core.convert.support.ConversionUtils.invokeConverter(ConversionUtils.java:42)
	at org.springframework.core.convert.support.GenericConversionService.convert(GenericConversionService.java:192)
	at org.springframework.core.convert.support.GenericConversionService.convert(GenericConversionService.java:176)
	at org.springframework.core.env.PropertySourcesPropertyResolver.getProperty(PropertySourcesPropertyResolver.java:86)
	at org.springframework.core.env.PropertySourcesPropertyResolver.getProperty(PropertySourcesPropertyResolver.java:66)
	at org.springframework.core.env.AbstractEnvironment.getProperty(AbstractEnvironment.java:540)
	at org.springframework.boot.bind.RelaxedPropertyResolver.getProperty(RelaxedPropertyResolver.java:82)
	at org.springframework.boot.bind.RelaxedPropertyResolver.getProperty(RelaxedPropertyResolver.java:72)
	at org.springframework.boot.actuate.autoconfigure.EndpointWebMvcAutoConfiguration$ManagementServerPort.getPortProperty(EndpointWebMvcAutoConfiguration.java:408)
	at org.springframework.boot.actuate.autoconfigure.EndpointWebMvcAutoConfiguration$ManagementServerPort.get(EndpointWebMvcAutoConfiguration.java:360)
	at org.springframework.boot.actuate.autoconfigure.EndpointWebMvcAutoConfiguration$OnManagementMvcCondition.getMatchOutcome(EndpointWebMvcAutoConfiguration.java:344)
	at org.springframework.boot.autoconfigure.condition.SpringBootCondition.matches(SpringBootCondition.java:47)
	... 18 common frames omitted
Caused by: java.lang.NumberFormatException: For input string: "@server.port@"
	at java.lang.NumberFormatException.forInputString(NumberFormatException.java:65)
	at java.lang.Integer.parseInt(Integer.java:580)
	at java.lang.Integer.valueOf(Integer.java:766)
	at org.springframework.util.NumberUtils.parseNumber(NumberUtils.java:208)
	at org.springframework.core.convert.support.StringToNumberConverterFactory$StringToNumber.convert(StringToNumberConverterFactory.java:62)
	at org.springframework.core.convert.support.StringToNumberConverterFactory$StringToNumber.convert(StringToNumberConverterFactory.java:49)
	at org.springframework.core.convert.support.GenericConversionService$ConverterFactoryAdapter.convert(GenericConversionService.java:425)
	at org.springframework.core.convert.support.ConversionUtils.invokeConverter(ConversionUtils.java:36)
	... 29 common frames omitted
2017-10-17 17:33:24 3557 [main] ERROR o.s.boot.SpringApplication - Application startup failed
java.lang.IllegalStateException: Error processing condition on org.springframework.boot.actuate.autoconfigure.EndpointWebMvcAutoConfiguration$EndpointWebMvcConfiguration
	at org.springframework.boot.autoconfigure.condition.SpringBootCondition.matches(SpringBootCondition.java:64)
	at org.springframework.context.annotation.ConditionEvaluator.shouldSkip(ConditionEvaluator.java:102)
	at org.springframework.context.annotation.ConfigurationClassBeanDefinitionReader$TrackedConditionEvaluator.shouldSkip(ConfigurationClassBeanDefinitionReader.java:436)
	at org.springframework.context.annotation.ConfigurationClassBeanDefinitionReader$TrackedConditionEvaluator.shouldSkip(ConfigurationClassBeanDefinitionReader.java:425)
	at org.springframework.context.annotation.ConfigurationClassBeanDefinitionReader.loadBeanDefinitionsForConfigurationClass(ConfigurationClassBeanDefinitionReader.java:127)
	at org.springframework.context.annotation.ConfigurationClassBeanDefinitionReader.loadBeanDefinitions(ConfigurationClassBeanDefinitionReader.java:116)
	at org.springframework.context.annotation.ConfigurationClassPostProcessor.processConfigBeanDefinitions(ConfigurationClassPostProcessor.java:336)
	at org.springframework.context.annotation.ConfigurationClassPostProcessor.postProcessBeanDefinitionRegistry(ConfigurationClassPostProcessor.java:246)
	at org.springframework.context.support.PostProcessorRegistrationDelegate.invokeBeanDefinitionRegistryPostProcessors(PostProcessorRegistrationDelegate.java:273)
	at org.springframework.context.support.PostProcessorRegistrationDelegate.invokeBeanFactoryPostProcessors(PostProcessorRegistrationDelegate.java:98)
	at org.springframework.context.support.AbstractApplicationContext.invokeBeanFactoryPostProcessors(AbstractApplicationContext.java:681)
	at org.springframework.context.support.AbstractApplicationContext.refresh(AbstractApplicationContext.java:523)
	at org.springframework.boot.context.embedded.EmbeddedWebApplicationContext.refresh(EmbeddedWebApplicationContext.java:122)
	at org.springframework.boot.SpringApplication.refresh(SpringApplication.java:761)
	at org.springframework.boot.SpringApplication.refreshContext(SpringApplication.java:371)
	at org.springframework.boot.SpringApplication.run(SpringApplication.java:315)
	at org.springframework.boot.SpringApplication.run(SpringApplication.java:1186)
	at org.springframework.boot.SpringApplication.run(SpringApplication.java:1175)
	at advance.Application.main(Application.java:19)
Caused by: org.springframework.core.convert.ConversionFailedException: Failed to convert from type [java.lang.String] to type [java.lang.Integer] for value '$server.port'; nested exception is java.lang.NumberFormatException: For input string: "$server.port"
	at org.springframework.core.convert.support.ConversionUtils.invokeConverter(ConversionUtils.java:42)
	at org.springframework.core.convert.support.GenericConversionService.convert(GenericConversionService.java:192)
	at org.springframework.core.convert.support.GenericConversionService.convert(GenericConversionService.java:176)
	at org.springframework.core.env.PropertySourcesPropertyResolver.getProperty(PropertySourcesPropertyResolver.java:86)
	at org.springframework.core.env.PropertySourcesPropertyResolver.getProperty(PropertySourcesPropertyResolver.java:66)
	at org.springframework.core.env.AbstractEnvironment.getProperty(AbstractEnvironment.java:540)
	at org.springframework.boot.bind.RelaxedPropertyResolver.getProperty(RelaxedPropertyResolver.java:82)
	at org.springframework.boot.bind.RelaxedPropertyResolver.getProperty(RelaxedPropertyResolver.java:72)
	at org.springframework.boot.actuate.autoconfigure.EndpointWebMvcAutoConfiguration$ManagementServerPort.getPortProperty(EndpointWebMvcAutoConfiguration.java:408)
	at org.springframework.boot.actuate.autoconfigure.EndpointWebMvcAutoConfiguration$ManagementServerPort.get(EndpointWebMvcAutoConfiguration.java:360)
	at org.springframework.boot.actuate.autoconfigure.EndpointWebMvcAutoConfiguration$OnManagementMvcCondition.getMatchOutcome(EndpointWebMvcAutoConfiguration.java:344)
	at org.springframework.boot.autoconfigure.condition.SpringBootCondition.matches(SpringBootCondition.java:47)
	... 18 common frames omitted
Caused by: java.lang.NumberFormatException: For input string: "$server.port"
	at java.lang.NumberFormatException.forInputString(NumberFormatException.java:65)
	at java.lang.Integer.parseInt(Integer.java:569)
	at java.lang.Integer.valueOf(Integer.java:766)
	at org.springframework.util.NumberUtils.parseNumber(NumberUtils.java:208)
	at org.springframework.core.convert.support.StringToNumberConverterFactory$StringToNumber.convert(StringToNumberConverterFactory.java:62)
	at org.springframework.core.convert.support.StringToNumberConverterFactory$StringToNumber.convert(StringToNumberConverterFactory.java:49)
	at org.springframework.core.convert.support.GenericConversionService$ConverterFactoryAdapter.convert(GenericConversionService.java:425)
	at org.springframework.core.convert.support.ConversionUtils.invokeConverter(ConversionUtils.java:36)
	... 29 common frames omitted
2017-10-17 17:33:42 2408 [main] ERROR o.s.boot.SpringApplication - Application startup failed
java.lang.IllegalArgumentException: Circular placeholder reference 'server.port' in property definitions
	at org.springframework.util.PropertyPlaceholderHelper.parseStringValue(PropertyPlaceholderHelper.java:141)
	at org.springframework.util.PropertyPlaceholderHelper.parseStringValue(PropertyPlaceholderHelper.java:162)
	at org.springframework.util.PropertyPlaceholderHelper.parseStringValue(PropertyPlaceholderHelper.java:162)
	at org.springframework.util.PropertyPlaceholderHelper.parseStringValue(PropertyPlaceholderHelper.java:145)
	at org.springframework.util.PropertyPlaceholderHelper.parseStringValue(PropertyPlaceholderHelper.java:145)
	at org.springframework.util.PropertyPlaceholderHelper.replacePlaceholders(PropertyPlaceholderHelper.java:126)
	at org.springframework.core.env.AbstractPropertyResolver.doResolvePlaceholders(AbstractPropertyResolver.java:219)
	at org.springframework.core.env.AbstractPropertyResolver.resolvePlaceholders(AbstractPropertyResolver.java:185)
	at org.springframework.core.env.AbstractEnvironment.resolvePlaceholders(AbstractEnvironment.java:566)
	at org.springframework.boot.context.ContextIdApplicationContextInitializer.getApplicationId(ContextIdApplicationContextInitializer.java:110)
	at org.springframework.boot.context.ContextIdApplicationContextInitializer.initialize(ContextIdApplicationContextInitializer.java:105)
	at org.springframework.boot.SpringApplication.applyInitializers(SpringApplication.java:635)
	at org.springframework.boot.SpringApplication.prepareContext(SpringApplication.java:349)
	at org.springframework.boot.SpringApplication.run(SpringApplication.java:313)
	at org.springframework.boot.SpringApplication.run(SpringApplication.java:1186)
	at org.springframework.boot.SpringApplication.run(SpringApplication.java:1175)
	at advance.Application.main(Application.java:19)
2017-10-17 17:35:06 1782 [main] ERROR o.s.boot.SpringApplication - Application startup failed
java.lang.IllegalArgumentException: Circular placeholder reference 'server.port' in property definitions
	at org.springframework.util.PropertyPlaceholderHelper.parseStringValue(PropertyPlaceholderHelper.java:141)
	at org.springframework.util.PropertyPlaceholderHelper.parseStringValue(PropertyPlaceholderHelper.java:162)
	at org.springframework.util.PropertyPlaceholderHelper.parseStringValue(PropertyPlaceholderHelper.java:162)
	at org.springframework.util.PropertyPlaceholderHelper.parseStringValue(PropertyPlaceholderHelper.java:145)
	at org.springframework.util.PropertyPlaceholderHelper.parseStringValue(PropertyPlaceholderHelper.java:145)
	at org.springframework.util.PropertyPlaceholderHelper.replacePlaceholders(PropertyPlaceholderHelper.java:126)
	at org.springframework.core.env.AbstractPropertyResolver.doResolvePlaceholders(AbstractPropertyResolver.java:219)
	at org.springframework.core.env.AbstractPropertyResolver.resolvePlaceholders(AbstractPropertyResolver.java:185)
	at org.springframework.core.env.AbstractEnvironment.resolvePlaceholders(AbstractEnvironment.java:566)
	at org.springframework.boot.context.ContextIdApplicationContextInitializer.getApplicationId(ContextIdApplicationContextInitializer.java:110)
	at org.springframework.boot.context.ContextIdApplicationContextInitializer.initialize(ContextIdApplicationContextInitializer.java:105)
	at org.springframework.boot.SpringApplication.applyInitializers(SpringApplication.java:635)
	at org.springframework.boot.SpringApplication.prepareContext(SpringApplication.java:349)
	at org.springframework.boot.SpringApplication.run(SpringApplication.java:313)
	at org.springframework.boot.SpringApplication.run(SpringApplication.java:1186)
	at org.springframework.boot.SpringApplication.run(SpringApplication.java:1175)
	at advance.Application.main(Application.java:19)
